<?xml version="1.0" encoding="UTF-8"?>

<aop>

   <interceptor class="org.jboss.test.aop.junit.TestInterceptor"/>

   <bind pointcut="execution(* org.jboss.test.aop.junit.TestIntercepted->*(..))">
      <interceptor-ref name="org.jboss.test.aop.junit.TestInterceptor"/>
   </bind>
   
</aop>