<assembly>
  <id>test-classpool-a2</id>
  <formats>
    <format>jar</format>
  </formats>
  <includeBaseDirectory>false</includeBaseDirectory>
  <fileSets>
    <fileSet>
      <directory>target/test-classes</directory>
      <outputDirectory>/</outputDirectory>
      <includes>
        <include>org/jboss/test/aop/classpool/jbosscl/support/a/A.class</include>
      </includes>
    </fileSet>
  </fileSets>
</assembly>